{"D:\\Programs\\Programing\\JS Projects\\Node Js projects\\FoodReviewAPI\\src\\server.ts": {"path":"D:\\Programs\\Programing\\JS Projects\\Node Js projects\\FoodReviewAPI\\src\\server.ts","statementMap":{"0":{"start":{"line":1,"column":0},"end":{"line":1,"column":24}},"1":{"start":{"line":2,"column":0},"end":{"line":2,"column":30}},"2":{"start":{"line":3,"column":0},"end":{"line":3,"column":26}},"3":{"start":{"line":5,"column":0},"end":{"line":5,"column":61}},"4":{"start":{"line":6,"column":0},"end":{"line":6,"column":55}},"5":{"start":{"line":7,"column":0},"end":{"line":7,"column":59}},"6":{"start":{"line":8,"column":0},"end":{"line":8,"column":71}},"7":{"start":{"line":10,"column":13},"end":{"line":10,"column":37}},"8":{"start":{"line":13,"column":20},"end":{"line":47,"column":1}},"9":{"start":{"line":14,"column":2},"end":{"line":14,"column":58}},"10":{"start":{"line":15,"column":2},"end":{"line":15,"column":34}},"11":{"start":{"line":16,"column":2},"end":{"line":16,"column":58}},"12":{"start":{"line":17,"column":2},"end":{"line":17,"column":58}},"13":{"start":{"line":18,"column":2},"end":{"line":18,"column":34}},"14":{"start":{"line":20,"column":2},"end":{"line":20,"column":58}},"15":{"start":{"line":21,"column":2},"end":{"line":21,"column":41}},"16":{"start":{"line":22,"column":2},"end":{"line":22,"column":58}},"17":{"start":{"line":23,"column":2},"end":{"line":23,"column":34}},"18":{"start":{"line":24,"column":2},"end":{"line":24,"column":31}},"19":{"start":{"line":26,"column":2},"end":{"line":26,"column":58}},"20":{"start":{"line":27,"column":2},"end":{"line":27,"column":43}},"21":{"start":{"line":28,"column":2},"end":{"line":28,"column":58}},"22":{"start":{"line":29,"column":2},"end":{"line":31,"column":5}},"23":{"start":{"line":30,"column":4},"end":{"line":30,"column":46}},"24":{"start":{"line":33,"column":2},"end":{"line":33,"column":58}},"25":{"start":{"line":34,"column":2},"end":{"line":34,"column":38}},"26":{"start":{"line":35,"column":2},"end":{"line":35,"column":58}},"27":{"start":{"line":36,"column":2},"end":{"line":36,"column":33}},"28":{"start":{"line":38,"column":2},"end":{"line":38,"column":58}},"29":{"start":{"line":39,"column":2},"end":{"line":39,"column":33}},"30":{"start":{"line":40,"column":2},"end":{"line":40,"column":58}},"31":{"start":{"line":41,"column":2},"end":{"line":41,"column":46}},"32":{"start":{"line":42,"column":2},"end":{"line":46,"column":5}},"33":{"start":{"line":43,"column":4},"end":{"line":43,"column":60}},"34":{"start":{"line":44,"column":4},"end":{"line":44,"column":71}},"35":{"start":{"line":45,"column":4},"end":{"line":45,"column":60}},"36":{"start":{"line":13,"column":13},"end":{"line":13,"column":20}},"37":{"start":{"line":49,"column":24},"end":{"line":50,"column":42}},"38":{"start":{"line":50,"column":2},"end":{"line":50,"column":42}},"39":{"start":{"line":49,"column":13},"end":{"line":49,"column":24}},"40":{"start":{"line":52,"column":0},"end":{"line":52,"column":7}}},"fnMap":{"0":{"name":"(anonymous_1)","decl":{"start":{"line":13,"column":20},"end":{"line":13,"column":23}},"loc":{"start":{"line":13,"column":25},"end":{"line":47,"column":1}}},"1":{"name":"(anonymous_2)","decl":{"start":{"line":29,"column":32},"end":{"line":29,"column":33}},"loc":{"start":{"line":29,"column":51},"end":{"line":31,"column":3}}},"2":{"name":"(anonymous_3)","decl":{"start":{"line":42,"column":40},"end":{"line":42,"column":43}},"loc":{"start":{"line":42,"column":45},"end":{"line":46,"column":3}}},"3":{"name":"(anonymous_4)","decl":{"start":{"line":49,"column":24},"end":{"line":49,"column":25}},"loc":{"start":{"line":50,"column":2},"end":{"line":50,"column":42}}}},"branchMap":{"0":{"loc":{"start":{"line":50,"column":2},"end":{"line":50,"column":42}},"type":"binary-expr","locations":[{"start":{"line":50,"column":2},"end":{"line":50,"column":12}},{"start":{"line":50,"column":16},"end":{"line":50,"column":42}}]}},"s":{"0":1,"1":1,"2":1,"3":1,"4":1,"5":1,"6":1,"7":1,"8":1,"9":1,"10":1,"11":1,"12":1,"13":1,"14":1,"15":1,"16":1,"17":1,"18":1,"19":1,"20":1,"21":1,"22":1,"23":0,"24":1,"25":1,"26":1,"27":1,"28":1,"29":1,"30":1,"31":1,"32":1,"33":1,"34":1,"35":1,"36":1,"37":1,"38":1,"39":1,"40":1},"f":{"0":1,"1":0,"2":1,"3":1},"b":{"0":[1,1]}}
,"D:\\Programs\\Programing\\JS Projects\\Node Js projects\\FoodReviewAPI\\src\\config\\config.ts": {"path":"D:\\Programs\\Programing\\JS Projects\\Node Js projects\\FoodReviewAPI\\src\\config\\config.ts","statementMap":{"0":{"start":{"line":1,"column":0},"end":{"line":1,"column":28}},"1":{"start":{"line":3,"column":0},"end":{"line":3,"column":16}},"2":{"start":{"line":5,"column":13},"end":{"line":5,"column":66}},"3":{"start":{"line":6,"column":13},"end":{"line":6,"column":52}},"4":{"start":{"line":8,"column":13},"end":{"line":8,"column":74}},"5":{"start":{"line":9,"column":13},"end":{"line":11,"column":9}},"6":{"start":{"line":13,"column":13},"end":{"line":16,"column":2}}},"fnMap":{},"branchMap":{"0":{"loc":{"start":{"line":8,"column":31},"end":{"line":8,"column":73}},"type":"binary-expr","locations":[{"start":{"line":8,"column":31},"end":{"line":8,"column":58}},{"start":{"line":8,"column":62},"end":{"line":8,"column":73}}]},"1":{"loc":{"start":{"line":9,"column":27},"end":{"line":11,"column":8}},"type":"cond-expr","locations":[{"start":{"line":10,"column":4},"end":{"line":10,"column":35}},{"start":{"line":11,"column":4},"end":{"line":11,"column":8}}]}},"s":{"0":1,"1":1,"2":1,"3":1,"4":1,"5":1,"6":1},"f":{},"b":{"0":[1,0],"1":[1,0]}}
,"D:\\Programs\\Programing\\JS Projects\\Node Js projects\\FoodReviewAPI\\src\\config\\logging.ts": {"path":"D:\\Programs\\Programing\\JS Projects\\Node Js projects\\FoodReviewAPI\\src\\config\\logging.ts","statementMap":{"0":{"start":{"line":36,"column":0},"end":{"line":36,"column":16}},"1":{"start":{"line":56,"column":0},"end":{"line":56,"column":16}},"2":{"start":{"line":68,"column":0},"end":{"line":68,"column":16}},"3":{"start":{"line":83,"column":0},"end":{"line":83,"column":16}},"4":{"start":{"line":98,"column":0},"end":{"line":98,"column":16}},"5":{"start":{"line":1,"column":0},"end":{"line":1,"column":32}},"6":{"start":{"line":3,"column":16},"end":{"line":34,"column":2}},"7":{"start":{"line":37,"column":2},"end":{"line":53,"column":3}},"8":{"start":{"line":38,"column":18},"end":{"line":38,"column":29}},"9":{"start":{"line":40,"column":4},"end":{"line":40,"column":41}},"10":{"start":{"line":40,"column":29},"end":{"line":40,"column":41}},"11":{"start":{"line":42,"column":17},"end":{"line":42,"column":37}},"12":{"start":{"line":43,"column":18},"end":{"line":43,"column":41}},"13":{"start":{"line":44,"column":19},"end":{"line":44,"column":36}},"14":{"start":{"line":46,"column":4},"end":{"line":46,"column":37}},"15":{"start":{"line":46,"column":25},"end":{"line":46,"column":37}},"16":{"start":{"line":48,"column":4},"end":{"line":48,"column":39}},"17":{"start":{"line":48,"column":27},"end":{"line":48,"column":39}},"18":{"start":{"line":50,"column":4},"end":{"line":50,"column":21}},"19":{"start":{"line":52,"column":4},"end":{"line":52,"column":16}},"20":{"start":{"line":57,"column":2},"end":{"line":65,"column":6}},"21":{"start":{"line":58,"column":4},"end":{"line":65,"column":6}},"22":{"start":{"line":69,"column":2},"end":{"line":80,"column":6}},"23":{"start":{"line":70,"column":4},"end":{"line":80,"column":6}},"24":{"start":{"line":84,"column":2},"end":{"line":95,"column":6}},"25":{"start":{"line":85,"column":4},"end":{"line":95,"column":6}},"26":{"start":{"line":99,"column":2},"end":{"line":110,"column":6}},"27":{"start":{"line":100,"column":4},"end":{"line":110,"column":6}},"28":{"start":{"line":113,"column":16},"end":{"line":120,"column":2}},"29":{"start":{"line":135,"column":0},"end":{"line":135,"column":29}},"30":{"start":{"line":137,"column":0},"end":{"line":137,"column":23}}},"fnMap":{"0":{"name":"getCallingFunction","decl":{"start":{"line":36,"column":16},"end":{"line":36,"column":34}},"loc":{"start":{"line":36,"column":47},"end":{"line":54,"column":1}}},"1":{"name":"log","decl":{"start":{"line":56,"column":16},"end":{"line":56,"column":19}},"loc":{"start":{"line":56,"column":59},"end":{"line":66,"column":1}}},"2":{"name":"info","decl":{"start":{"line":68,"column":16},"end":{"line":68,"column":20}},"loc":{"start":{"line":68,"column":60},"end":{"line":81,"column":1}}},"3":{"name":"warn","decl":{"start":{"line":83,"column":16},"end":{"line":83,"column":20}},"loc":{"start":{"line":83,"column":60},"end":{"line":96,"column":1}}},"4":{"name":"error","decl":{"start":{"line":98,"column":16},"end":{"line":98,"column":21}},"loc":{"start":{"line":98,"column":61},"end":{"line":111,"column":1}}}},"branchMap":{"0":{"loc":{"start":{"line":40,"column":4},"end":{"line":40,"column":41}},"type":"if","locations":[{"start":{"line":40,"column":4},"end":{"line":40,"column":41}}]},"1":{"loc":{"start":{"line":46,"column":4},"end":{"line":46,"column":37}},"type":"if","locations":[{"start":{"line":46,"column":4},"end":{"line":46,"column":37}}]},"2":{"loc":{"start":{"line":48,"column":4},"end":{"line":48,"column":39}},"type":"if","locations":[{"start":{"line":48,"column":4},"end":{"line":48,"column":39}}]},"3":{"loc":{"start":{"line":57,"column":2},"end":{"line":65,"column":6}},"type":"if","locations":[{"start":{"line":57,"column":2},"end":{"line":65,"column":6}}]},"4":{"loc":{"start":{"line":69,"column":2},"end":{"line":80,"column":6}},"type":"if","locations":[{"start":{"line":69,"column":2},"end":{"line":80,"column":6}}]},"5":{"loc":{"start":{"line":84,"column":2},"end":{"line":95,"column":6}},"type":"if","locations":[{"start":{"line":84,"column":2},"end":{"line":95,"column":6}}]},"6":{"loc":{"start":{"line":99,"column":2},"end":{"line":110,"column":6}},"type":"if","locations":[{"start":{"line":99,"column":2},"end":{"line":110,"column":6}}]}},"s":{"0":1,"1":1,"2":1,"3":1,"4":1,"5":1,"6":1,"7":0,"8":0,"9":0,"10":0,"11":0,"12":0,"13":0,"14":0,"15":0,"16":0,"17":0,"18":0,"19":0,"20":22,"21":0,"22":0,"23":0,"24":2,"25":0,"26":0,"27":0,"28":1,"29":1,"30":1},"f":{"0":0,"1":22,"2":0,"3":2,"4":0},"b":{"0":[0],"1":[0],"2":[0],"3":[0],"4":[0],"5":[0],"6":[0]}}
,"D:\\Programs\\Programing\\JS Projects\\Node Js projects\\FoodReviewAPI\\src\\middleware\\corsHandler.ts": {"path":"D:\\Programs\\Programing\\JS Projects\\Node Js projects\\FoodReviewAPI\\src\\middleware\\corsHandler.ts","statementMap":{"0":{"start":{"line":3,"column":0},"end":{"line":3,"column":16}},"1":{"start":{"line":4,"column":2},"end":{"line":4,"column":66}},"2":{"start":{"line":5,"column":2},"end":{"line":8,"column":4}},"3":{"start":{"line":9,"column":2},"end":{"line":9,"column":57}},"4":{"start":{"line":11,"column":2},"end":{"line":14,"column":3}},"5":{"start":{"line":12,"column":4},"end":{"line":12,"column":80}},"6":{"start":{"line":13,"column":4},"end":{"line":13,"column":29}},"7":{"start":{"line":16,"column":2},"end":{"line":16,"column":9}}},"fnMap":{"0":{"name":"corsHandler","decl":{"start":{"line":3,"column":16},"end":{"line":3,"column":27}},"loc":{"start":{"line":3,"column":75},"end":{"line":17,"column":1}}}},"branchMap":{"0":{"loc":{"start":{"line":11,"column":2},"end":{"line":14,"column":3}},"type":"if","locations":[{"start":{"line":11,"column":2},"end":{"line":14,"column":3}}]}},"s":{"0":1,"1":2,"2":2,"3":2,"4":2,"5":1,"6":1,"7":2},"f":{"0":2},"b":{"0":[1]}}
,"D:\\Programs\\Programing\\JS Projects\\Node Js projects\\FoodReviewAPI\\src\\middleware\\loggingHandler.ts": {"path":"D:\\Programs\\Programing\\JS Projects\\Node Js projects\\FoodReviewAPI\\src\\middleware\\loggingHandler.ts","statementMap":{"0":{"start":{"line":3,"column":0},"end":{"line":3,"column":16}},"1":{"start":{"line":8,"column":2},"end":{"line":10,"column":4}},"2":{"start":{"line":12,"column":2},"end":{"line":16,"column":5}},"3":{"start":{"line":13,"column":4},"end":{"line":15,"column":6}},"4":{"start":{"line":18,"column":2},"end":{"line":18,"column":9}}},"fnMap":{"0":{"name":"loggingHandler","decl":{"start":{"line":3,"column":16},"end":{"line":3,"column":30}},"loc":{"start":{"line":6,"column":20},"end":{"line":19,"column":1}}},"1":{"name":"(anonymous_1)","decl":{"start":{"line":12,"column":19},"end":{"line":12,"column":22}},"loc":{"start":{"line":12,"column":24},"end":{"line":16,"column":3}}}},"branchMap":{},"s":{"0":1,"1":2,"2":2,"3":2,"4":2},"f":{"0":2,"1":2},"b":{}}
,"D:\\Programs\\Programing\\JS Projects\\Node Js projects\\FoodReviewAPI\\src\\middleware\\routeNotFound.ts": {"path":"D:\\Programs\\Programing\\JS Projects\\Node Js projects\\FoodReviewAPI\\src\\middleware\\routeNotFound.ts","statementMap":{"0":{"start":{"line":3,"column":0},"end":{"line":3,"column":16}},"1":{"start":{"line":4,"column":16},"end":{"line":4,"column":38}},"2":{"start":{"line":5,"column":2},"end":{"line":5,"column":25}},"3":{"start":{"line":7,"column":2},"end":{"line":11,"column":5}}},"fnMap":{"0":{"name":"routeNotFound","decl":{"start":{"line":3,"column":16},"end":{"line":3,"column":29}},"loc":{"start":{"line":3,"column":77},"end":{"line":12,"column":1}}}},"branchMap":{},"s":{"0":1,"1":2,"2":2,"3":2},"f":{"0":2},"b":{}}
}
